<?xml version="1.0" encoding="UTF-8"?>
<coverage generated="1614612174892" clover="3.2.0">
  <project timestamp="1614612174893" name="All files">
    <metrics statements="26" coveredstatements="26" conditionals="5" coveredconditionals="5" methods="11" coveredmethods="11" elements="42" coveredelements="42" complexity="0" loc="26" ncloc="26" packages="4" files="4" classes="4"/>
    <package name="01_intro">
      <metrics statements="3" coveredstatements="3" conditionals="0" coveredconditionals="0" methods="2" coveredmethods="2"/>
      <file name="intro.js" path="/Users/1seestars/WebstormProjects/unit-test-training/01_intro/intro.js">
        <metrics statements="3" coveredstatements="3" conditionals="0" coveredconditionals="0" methods="2" coveredmethods="2"/>
        <line num="1" count="7" type="stmt"/>
        <line num="3" count="6" type="stmt"/>
        <line num="5" count="1" type="stmt"/>
      </file>
    </package>
    <package name="02_sync">
      <metrics statements="7" coveredstatements="7" conditionals="3" coveredconditionals="3" methods="4" coveredmethods="4"/>
      <file name="sync.js" path="/Users/1seestars/WebstormProjects/unit-test-training/02_sync/sync.js">
        <metrics statements="7" coveredstatements="7" conditionals="3" coveredconditionals="3" methods="4" coveredmethods="4"/>
        <line num="3" count="14" type="stmt"/>
        <line num="6" count="4" type="stmt"/>
        <line num="7" count="4" type="cond" truecount="2" falsecount="0"/>
        <line num="8" count="1" type="stmt"/>
        <line num="9" count="3" type="stmt"/>
        <line num="11" count="4" type="stmt"/>
        <line num="16" count="1" type="stmt"/>
      </file>
    </package>
    <package name="03_async">
      <metrics statements="11" coveredstatements="11" conditionals="2" coveredconditionals="2" methods="4" coveredmethods="4"/>
      <file name="async.js" path="/Users/1seestars/WebstormProjects/unit-test-training/03_async/async.js">
        <metrics statements="11" coveredstatements="11" conditionals="2" coveredconditionals="2" methods="4" coveredmethods="4"/>
        <line num="1" count="1" type="stmt"/>
        <line num="5" count="2" type="stmt"/>
        <line num="6" count="2" type="stmt"/>
        <line num="7" count="2" type="cond" truecount="2" falsecount="0"/>
        <line num="8" count="1" type="stmt"/>
        <line num="10" count="1" type="stmt"/>
        <line num="17" count="2" type="stmt"/>
        <line num="18" count="2" type="stmt"/>
        <line num="19" count="1" type="stmt"/>
        <line num="21" count="1" type="stmt"/>
        <line num="26" count="1" type="stmt"/>
      </file>
    </package>
    <package name="04_mock">
      <metrics statements="5" coveredstatements="5" conditionals="0" coveredconditionals="0" methods="1" coveredmethods="1"/>
      <file name="mock.js" path="/Users/1seestars/WebstormProjects/unit-test-training/04_mock/mock.js">
        <metrics statements="5" coveredstatements="5" conditionals="0" coveredconditionals="0" methods="1" coveredmethods="1"/>
        <line num="2" count="4" type="stmt"/>
        <line num="3" count="4" type="stmt"/>
        <line num="4" count="16" type="stmt"/>
        <line num="6" count="4" type="stmt"/>
        <line num="9" count="1" type="stmt"/>
      </file>
    </package>
  </project>
</coverage>
