TN:
SF:01_intro/intro.js
FN:1,(anonymous_0)
FN:3,(anonymous_1)
FNF:2
FNH:2
FNDA:7,(anonymous_0)
FNDA:6,(anonymous_1)
DA:1,7
DA:3,6
DA:5,1
LF:3
LH:3
BRF:0
BRH:0
end_of_record
TN:
SF:02_sync/sync.js
FN:2,(anonymous_0)
FN:3,(anonymous_1)
FN:5,(anonymous_2)
FN:6,(anonymous_3)
FNF:4
FNH:4
FNDA:2,(anonymous_0)
FNDA:14,(anonymous_1)
FNDA:4,(anonymous_2)
FNDA:4,(anonymous_3)
DA:3,14
DA:6,4
DA:7,4
DA:8,1
DA:9,3
DA:11,4
DA:16,1
LF:7
LH:7
BRDA:5,0,0,2
BRDA:7,1,0,1
BRDA:7,1,1,3
BRF:3
BRH:3
end_of_record
TN:
SF:03_async/async.js
FN:4,(anonymous_0)
FN:5,(anonymous_1)
FN:6,(anonymous_2)
FN:16,(anonymous_3)
FNF:4
FNH:4
FNDA:2,(anonymous_0)
FNDA:2,(anonymous_1)
FNDA:2,(anonymous_2)
FNDA:2,(anonymous_3)
DA:1,1
DA:5,2
DA:6,2
DA:7,2
DA:8,1
DA:10,1
DA:17,2
DA:18,2
DA:19,1
DA:21,1
DA:26,1
LF:11
LH:11
BRDA:7,0,0,1
BRDA:7,0,1,1
BRF:2
BRH:2
end_of_record
TN:
SF:04_mock/mock.js
FN:1,map
FNF:1
FNH:1
FNDA:4,map
DA:2,4
DA:3,4
DA:4,16
DA:6,4
DA:9,1
LF:5
LH:5
BRF:0
BRH:0
end_of_record
